2024-11-16 20:57:09.092 [info] [main] Log level: Info
2024-11-16 20:57:09.092 [info] [main] Validating found git in: "git"
2024-11-16 20:57:09.092 [info] [main] Using git "2.47.0" from "git"
2024-11-16 20:57:09.092 [info] [Model][doInitialScan] Initial repository scan started
2024-11-16 20:57:09.092 [info] > git rev-parse --show-toplevel [7ms]
2024-11-16 20:57:09.092 [info] fatal: not a git repository (or any of the parent directories): .git
2024-11-16 20:57:09.092 [info] > git rev-parse --show-toplevel [8ms]
2024-11-16 20:57:09.092 [info] fatal: not a git repository (or any of the parent directories): .git
2024-11-16 20:57:09.386 [info] > git rev-parse --show-toplevel [274ms]
2024-11-16 20:57:09.386 [info] fatal: not a git repository (or any of the parent directories): .git
2024-11-16 20:57:09.670 [info] > git rev-parse --show-toplevel [40ms]
2024-11-16 20:57:09.670 [info] fatal: not a git repository (or any of the parent directories): .git
2024-11-16 20:57:09.684 [info] > git rev-parse --show-toplevel [3ms]
2024-11-16 20:57:09.684 [info] fatal: not a git repository (or any of the parent directories): .git
2024-11-16 20:57:09.702 [info] > git rev-parse --show-toplevel [5ms]
2024-11-16 20:57:09.703 [info] fatal: not a git repository (or any of the parent directories): .git
2024-11-16 20:57:09.714 [info] > git rev-parse --show-toplevel [1ms]
2024-11-16 20:57:09.714 [info] fatal: not a git repository (or any of the parent directories): .git
2024-11-16 20:57:09.727 [info] > git rev-parse --show-toplevel [2ms]
2024-11-16 20:57:09.727 [info] fatal: not a git repository (or any of the parent directories): .git
2024-11-16 20:57:09.739 [info] > git rev-parse --show-toplevel [3ms]
2024-11-16 20:57:09.739 [info] fatal: not a git repository (or any of the parent directories): .git
2024-11-16 20:57:09.752 [info] > git rev-parse --show-toplevel [2ms]
2024-11-16 20:57:09.766 [info] > git rev-parse --git-dir --git-common-dir [3ms]
2024-11-16 20:57:09.794 [info] [Model][openRepository] Opened repository: /home/meyuzee/.oh-my-zsh
2024-11-16 20:57:09.821 [info] > git rev-parse --show-toplevel [1ms]
2024-11-16 20:57:09.821 [info] fatal: not a git repository (or any of the parent directories): .git
2024-11-16 20:57:09.822 [info] > git config --get commit.template [13ms]
2024-11-16 20:57:09.844 [info] > git rev-parse --show-toplevel [14ms]
2024-11-16 20:57:09.845 [info] fatal: not a git repository (or any of the parent directories): .git
2024-11-16 20:57:09.855 [info] > git for-each-ref --format=%(refname)%00%(upstream:short)%00%(objectname)%00%(upstream:track)%00%(upstream:remotename)%00%(upstream:remoteref) refs/heads/master refs/remotes/master [15ms]
2024-11-16 20:57:09.856 [info] > git rev-parse --show-toplevel [3ms]
2024-11-16 20:57:09.856 [info] fatal: not a git repository (or any of the parent directories): .git
2024-11-16 20:57:09.866 [info] > git rev-parse --show-toplevel [2ms]
2024-11-16 20:57:09.866 [info] fatal: not a git repository (or any of the parent directories): .git
2024-11-16 20:57:09.916 [info] > git rev-parse --show-toplevel [10ms]
2024-11-16 20:57:09.916 [info] fatal: not a git repository (or any of the parent directories): .git
2024-11-16 20:57:09.917 [info] > git for-each-ref --sort -committerdate --format %(refname) %(objectname) %(*objectname) [31ms]
2024-11-16 20:57:09.931 [info] > git rev-parse --show-toplevel [2ms]
2024-11-16 20:57:09.931 [info] fatal: not a git repository (or any of the parent directories): .git
2024-11-16 20:57:09.943 [info] > git rev-parse --show-toplevel [1ms]
2024-11-16 20:57:09.943 [info] fatal: not a git repository (or any of the parent directories): .git
2024-11-16 20:57:09.956 [info] > git status -z -uall [81ms]
2024-11-16 20:57:09.956 [info] > git rev-parse --show-toplevel [4ms]
2024-11-16 20:57:09.956 [info] fatal: not a git repository (or any of the parent directories): .git
2024-11-16 20:57:10.000 [info] > git for-each-ref --format=%(refname)%00%(upstream:short)%00%(objectname)%00%(upstream:track)%00%(upstream:remotename)%00%(upstream:remoteref) refs/heads/master refs/remotes/master [21ms]
2024-11-16 20:57:10.011 [info] > git config --local branch.master.vscode-merge-base [4ms]
2024-11-16 20:57:10.022 [info] > git config --get commit.template [22ms]
2024-11-16 20:57:10.022 [info] > git rev-parse --show-toplevel [31ms]
2024-11-16 20:57:10.022 [info] fatal: not a git repository (or any of the parent directories): .git
2024-11-16 20:57:10.038 [info] > git for-each-ref --format=%(refname)%00%(upstream:short)%00%(objectname)%00%(upstream:track)%00%(upstream:remotename)%00%(upstream:remoteref) refs/heads/origin/master refs/remotes/origin/master [17ms]
2024-11-16 20:57:10.145 [info] > git merge-base refs/heads/master refs/remotes/origin/master [98ms]
2024-11-16 20:57:10.157 [info] > git rev-parse --show-toplevel [120ms]
2024-11-16 20:57:10.157 [info] fatal: not a git repository (or any of the parent directories): .git
2024-11-16 20:57:10.233 [info] > git diff --name-status -z --diff-filter=ADMR 7ed475cb589c9e82211f71b3a5d7083b69cea93c...refs/remotes/origin/master [76ms]
2024-11-16 20:57:10.238 [info] > git for-each-ref --format=%(refname)%00%(upstream:short)%00%(objectname)%00%(upstream:track)%00%(upstream:remotename)%00%(upstream:remoteref) refs/heads/master refs/remotes/master [103ms]
2024-11-16 20:57:10.245 [info] > git rev-parse --show-toplevel [12ms]
2024-11-16 20:57:10.245 [info] fatal: not a git repository (or any of the parent directories): .git
2024-11-16 20:57:10.266 [info] > git rev-parse --show-toplevel [3ms]
2024-11-16 20:57:10.266 [info] fatal: not a git repository (or any of the parent directories): .git
2024-11-16 20:57:10.315 [info] > git status -z -uall [39ms]
2024-11-16 20:57:10.315 [info] > git rev-parse --show-toplevel [11ms]
2024-11-16 20:57:10.315 [info] fatal: not a git repository (or any of the parent directories): .git
2024-11-16 20:57:10.316 [info] > git for-each-ref --sort -committerdate --format %(refname) %(objectname) %(*objectname) [26ms]
2024-11-16 20:57:10.346 [info] > git rev-parse --show-toplevel [4ms]
2024-11-16 20:57:10.346 [info] fatal: not a git repository (or any of the parent directories): .git
2024-11-16 20:57:10.374 [info] > git rev-parse --show-toplevel [11ms]
2024-11-16 20:57:10.391 [info] > git rev-parse --git-dir --git-common-dir [1ms]
2024-11-16 20:57:10.403 [info] [Model][openRepository] Opened repository: /home/meyuzee/dotfiles
2024-11-16 20:57:10.414 [info] [Model][doInitialScan] Initial repository scan completed - repositories (2), closed repositories (0), parent repositories (0), unsafe repositories (0)
2024-11-16 20:57:10.449 [info] > git rev-parse --show-toplevel [5ms]
2024-11-16 20:57:10.449 [info] fatal: not a git repository (or any of the parent directories): .git
2024-11-16 20:57:10.449 [info] > git config --get commit.template [20ms]
2024-11-16 20:57:10.476 [info] > git rev-parse --show-toplevel [16ms]
2024-11-16 20:57:10.476 [info] fatal: not a git repository (or any of the parent directories): .git
2024-11-16 20:57:10.487 [info] > git for-each-ref --format=%(refname)%00%(upstream:short)%00%(objectname)%00%(upstream:track)%00%(upstream:remotename)%00%(upstream:remoteref) refs/heads/master refs/remotes/master [12ms]
2024-11-16 20:57:10.494 [warning] [Git][revParse] Unable to read file: ENOENT: no such file or directory, open '/home/meyuzee/dotfiles/.git/refs/remotes/origin/master'
2024-11-16 20:57:10.495 [info] > git rev-parse --show-toplevel [10ms]
2024-11-16 20:57:10.495 [info] fatal: not a git repository (or any of the parent directories): .git
2024-11-16 20:57:10.505 [info] > git rev-parse --show-toplevel [3ms]
2024-11-16 20:57:10.505 [info] fatal: not a git repository (or any of the parent directories): .git
2024-11-16 20:57:10.505 [info] > git rev-parse refs/remotes/origin/master [11ms]
2024-11-16 20:57:10.527 [info] > git for-each-ref --sort -committerdate --format %(refname) %(objectname) %(*objectname) [4ms]
2024-11-16 20:57:11.045 [info] > git status -z -uall [534ms]
2024-11-16 20:57:11.064 [info] > git for-each-ref --format=%(refname)%00%(upstream:short)%00%(objectname)%00%(upstream:track)%00%(upstream:remotename)%00%(upstream:remoteref) refs/heads/master refs/remotes/master [9ms]
2024-11-16 20:57:11.074 [info] > git config --local branch.master.vscode-merge-base [3ms]
2024-11-16 20:57:11.081 [info] > git config --get commit.template [17ms]
2024-11-16 20:57:11.089 [info] > git for-each-ref --format=%(refname)%00%(upstream:short)%00%(objectname)%00%(upstream:track)%00%(upstream:remotename)%00%(upstream:remoteref) refs/heads/origin/master refs/remotes/origin/master [9ms]
2024-11-16 20:57:11.097 [info] > git for-each-ref --format=%(refname)%00%(upstream:short)%00%(objectname)%00%(upstream:track)%00%(upstream:remotename)%00%(upstream:remoteref) refs/heads/master refs/remotes/master [9ms]
2024-11-16 20:57:11.105 [warning] [Git][revParse] Unable to read file: ENOENT: no such file or directory, open '/home/meyuzee/dotfiles/.git/refs/remotes/origin/master'
2024-11-16 20:57:11.105 [info] > git merge-base refs/heads/master refs/remotes/origin/master [9ms]
2024-11-16 20:57:11.113 [info] > git rev-parse refs/remotes/origin/master [8ms]
2024-11-16 20:57:11.129 [info] > git for-each-ref --sort -committerdate --format %(refname) %(objectname) %(*objectname) [2ms]
2024-11-16 20:57:11.129 [info] > git diff --name-status -z --diff-filter=ADMR 2e61c417819dcad537f8151d7311b85855e444d0...refs/remotes/origin/master [17ms]
2024-11-16 20:57:11.375 [info] > git status -z -uall [257ms]
2024-11-16 20:57:20.165 [info] > git rev-parse --show-toplevel [2ms]
2024-11-16 20:57:20.165 [info] fatal: not a git repository (or any of the parent directories): .git
2024-11-16 20:57:20.979 [info] > git rev-parse --show-toplevel [2ms]
2024-11-16 20:57:20.979 [info] fatal: not a git repository (or any of the parent directories): .git
2024-11-16 20:57:25.787 [info] > git rev-parse --show-toplevel [3ms]
2024-11-16 20:57:25.787 [info] fatal: not a git repository (or any of the parent directories): .git
2024-11-16 20:57:30.959 [info] > git rev-parse --show-toplevel [2ms]
2024-11-16 20:57:30.959 [info] fatal: not a git repository (or any of the parent directories): .git
2024-11-16 20:57:32.999 [info] > git check-ignore -v -z --stdin [8ms]
2024-11-16 20:57:33.001 [info] > git check-ignore -v -z --stdin [3ms]
2024-11-16 20:57:43.120 [info] > git rev-parse --show-toplevel [4ms]
2024-11-16 20:57:43.120 [info] fatal: not a git repository (or any of the parent directories): .git
2024-11-16 20:57:54.727 [info] > git rev-parse --show-toplevel [2ms]
2024-11-16 20:57:54.727 [info] fatal: not a git repository (or any of the parent directories): .git
2024-11-16 20:57:55.132 [info] > git rev-parse --show-toplevel [3ms]
2024-11-16 20:57:55.132 [info] fatal: not a git repository (or any of the parent directories): .git
2024-11-16 20:58:01.381 [info] > git rev-parse --show-toplevel [3ms]
2024-11-16 20:58:01.381 [info] fatal: not a git repository (or any of the parent directories): .git
2024-11-16 20:58:02.244 [info] > git rev-parse --show-toplevel [1ms]
2024-11-16 20:58:02.244 [info] fatal: not a git repository (or any of the parent directories): .git
2024-11-16 20:58:05.430 [info] > git rev-parse --show-toplevel [2ms]
2024-11-16 20:58:05.430 [info] fatal: not a git repository (or any of the parent directories): .git
2024-11-16 20:58:08.708 [info] > git rev-parse --show-toplevel [3ms]
2024-11-16 20:58:08.708 [info] fatal: not a git repository (or any of the parent directories): .git
2024-11-16 20:58:09.467 [info] > git rev-parse --show-toplevel [2ms]
2024-11-16 20:58:09.467 [info] fatal: not a git repository (or any of the parent directories): .git
2024-11-16 20:59:05.088 [info] > git rev-parse --show-toplevel [1ms]
2024-11-16 20:59:05.089 [info] fatal: not a git repository (or any of the parent directories): .git
2024-11-16 20:59:08.881 [info] > git rev-parse --show-toplevel [2ms]
2024-11-16 20:59:08.881 [info] fatal: not a git repository (or any of the parent directories): .git
2024-11-16 21:02:36.296 [info] > git rev-parse --show-toplevel [2ms]
2024-11-16 21:02:36.296 [info] fatal: not a git repository (or any of the parent directories): .git
