2024-11-06 22:34:34.929 [info] Added views:outline in workbench.view.explorer
2024-11-06 22:34:34.929 [info] Added views:workbench.view.search in workbench.view.search
2024-11-06 22:34:34.929 [info] Added views:workbench.scm in workbench.view.scm
2024-11-06 22:34:34.929 [info] Added views:workbench.panel.markers.view in workbench.panel.markers
2024-11-06 22:34:34.929 [info] Added views:workbench.panel.output in workbench.panel.output
2024-11-06 22:34:34.929 [info] Added views:terminal in terminal
2024-11-06 22:34:34.929 [info] Added views:timeline in workbench.view.explorer
2024-11-06 22:34:34.929 [info] Added views:workbench.explorer.emptyView in workbench.view.explorer
2024-11-06 22:34:36.001 [info] Added views:workbench.debug.variablesView,workbench.debug.watchExpressionsView,workbench.debug.callStackView,workbench.debug.breakPointsView in workbench.view.debug
2024-11-06 22:34:36.446 [info] Added views:workbench.panel.repl.view in workbench.panel.repl
2024-11-06 22:34:36.449 [info] Removed views:workbench.debug.breakPointsView,workbench.debug.callStackView,workbench.debug.watchExpressionsView,workbench.debug.variablesView from workbench.view.debug
2024-11-06 22:34:36.451 [info] Added views:workbench.debug.welcome in workbench.view.debug
2024-11-06 22:34:36.785 [info] Added views:~remote.forwardedPorts in ~remote.forwardedPortsContainer
2024-11-06 22:34:38.095 [info] Added views:workbench.views.extensions.installed,workbench.views.extensions.popular,extensions.recommendedList in workbench.view.extensions
2024-11-06 22:34:38.098 [info] Removed views:workbench.views.extensions.popular from workbench.view.extensions
2024-11-06 22:34:38.385 [info] Added views:workbench.views.extensions.popular in workbench.view.extensions
2024-11-06 22:34:48.346 [info] Removed views:extensions.recommendedList,workbench.views.extensions.popular,workbench.views.extensions.installed from workbench.view.extensions
2024-11-06 22:34:48.366 [info] Added views:workbench.views.extensions.marketplace in workbench.view.extensions
2024-11-06 22:34:51.199 [info] Removed views:workbench.views.extensions.marketplace from workbench.view.extensions
2024-11-06 22:34:51.216 [info] Added views:workbench.views.extensions.installed,workbench.views.extensions.popular,extensions.recommendedList in workbench.view.extensions
2024-11-06 22:34:52.586 [info] Removed views:extensions.recommendedList,workbench.views.extensions.popular,workbench.views.extensions.installed from workbench.view.extensions
2024-11-06 22:34:52.600 [info] Added views:workbench.views.extensions.marketplace in workbench.view.extensions
2024-11-06 22:34:52.999 [info] Removed views:workbench.views.extensions.marketplace from workbench.view.extensions
2024-11-06 22:34:53.018 [info] Added views:workbench.views.extensions.installed,workbench.views.extensions.popular,extensions.recommendedList in workbench.view.extensions
2024-11-06 22:34:55.294 [info] Removed views:extensions.recommendedList,workbench.views.extensions.popular,workbench.views.extensions.installed from workbench.view.extensions
2024-11-06 22:34:55.303 [info] Added views:workbench.views.extensions.marketplace in workbench.view.extensions
2024-11-06 22:35:13.501 [info] Removed views:workbench.views.extensions.marketplace from workbench.view.extensions
2024-11-06 22:35:13.523 [info] Added views:workbench.views.extensions.installed,workbench.views.extensions.popular,extensions.recommendedList in workbench.view.extensions
2024-11-06 22:35:16.143 [info] Removed views:extensions.recommendedList,workbench.views.extensions.popular,workbench.views.extensions.installed from workbench.view.extensions
2024-11-06 22:35:16.152 [info] Added views:workbench.views.extensions.marketplace in workbench.view.extensions
