2024-11-08 19:30:47.326 [info] [main] Log level: Info
2024-11-08 19:30:47.326 [info] [main] Validating found git in: "git"
2024-11-08 19:30:47.326 [info] [main] Using git "2.47.0" from "git"
2024-11-08 19:30:47.326 [info] [Model][doInitialScan] Initial repository scan started
2024-11-08 19:30:47.326 [info] > git rev-parse --show-toplevel [3ms]
2024-11-08 19:30:47.326 [info] fatal: not a git repository (or any of the parent directories): .git
2024-11-08 19:30:47.326 [info] > git rev-parse --show-toplevel [5ms]
2024-11-08 19:30:47.326 [info] fatal: not a git repository (or any of the parent directories): .git
2024-11-08 19:30:47.349 [info] > git rev-parse --show-toplevel [2ms]
2024-11-08 19:30:47.349 [info] fatal: not a git repository (or any of the parent directories): .git
2024-11-08 19:30:47.368 [info] > git rev-parse --show-toplevel [6ms]
2024-11-08 19:30:47.368 [info] fatal: not a git repository (or any of the parent directories): .git
2024-11-08 19:30:47.383 [info] > git rev-parse --show-toplevel [3ms]
2024-11-08 19:30:47.383 [info] fatal: not a git repository (or any of the parent directories): .git
2024-11-08 19:30:47.412 [info] > git rev-parse --show-toplevel [8ms]
2024-11-08 19:30:47.412 [info] fatal: not a git repository (or any of the parent directories): .git
2024-11-08 19:30:48.025 [info] > git rev-parse --show-toplevel [265ms]
2024-11-08 19:30:48.026 [info] fatal: not a git repository (or any of the parent directories): .git
2024-11-08 19:30:48.108 [info] > git rev-parse --show-toplevel [9ms]
2024-11-08 19:30:48.108 [info] fatal: not a git repository (or any of the parent directories): .git
2024-11-08 19:30:48.138 [info] > git rev-parse --show-toplevel [10ms]
2024-11-08 19:30:48.138 [info] fatal: not a git repository (or any of the parent directories): .git
2024-11-08 19:30:48.159 [info] > git rev-parse --show-toplevel [10ms]
2024-11-08 19:30:48.173 [info] > git rev-parse --git-dir --git-common-dir [2ms]
2024-11-08 19:30:48.198 [info] [Model][openRepository] Opened repository: /home/meyuzee/.oh-my-zsh
2024-11-08 19:30:48.233 [info] > git rev-parse --show-toplevel [2ms]
2024-11-08 19:30:48.233 [info] fatal: not a git repository (or any of the parent directories): .git
2024-11-08 19:30:48.234 [info] > git config --get commit.template [11ms]
2024-11-08 19:30:48.267 [info] > git rev-parse --show-toplevel [23ms]
2024-11-08 19:30:48.267 [info] fatal: not a git repository (or any of the parent directories): .git
2024-11-08 19:30:48.282 [info] > git for-each-ref --format=%(refname)%00%(upstream:short)%00%(objectname)%00%(upstream:track)%00%(upstream:remotename)%00%(upstream:remoteref) refs/heads/master refs/remotes/master [22ms]
2024-11-08 19:30:48.285 [info] > git rev-parse --show-toplevel [4ms]
2024-11-08 19:30:48.285 [info] fatal: not a git repository (or any of the parent directories): .git
2024-11-08 19:30:48.359 [info] > git rev-parse --show-toplevel [53ms]
2024-11-08 19:30:48.360 [info] fatal: not a git repository (or any of the parent directories): .git
2024-11-08 19:30:48.401 [info] > git status -z -uall [68ms]
2024-11-08 19:30:48.402 [info] > git for-each-ref --sort -committerdate --format %(refname) %(objectname) %(*objectname) [44ms]
2024-11-08 19:30:48.457 [info] > git for-each-ref --format=%(refname)%00%(upstream:short)%00%(objectname)%00%(upstream:track)%00%(upstream:remotename)%00%(upstream:remoteref) refs/heads/master refs/remotes/master [21ms]
2024-11-08 19:30:48.468 [info] > git rev-parse --show-toplevel [82ms]
2024-11-08 19:30:48.468 [info] fatal: not a git repository (or any of the parent directories): .git
2024-11-08 19:30:48.492 [info] > git config --local branch.master.vscode-merge-base [24ms]
2024-11-08 19:30:48.505 [info] > git config --get commit.template [48ms]
2024-11-08 19:30:48.511 [info] > git for-each-ref --format=%(refname)%00%(upstream:short)%00%(objectname)%00%(upstream:track)%00%(upstream:remotename)%00%(upstream:remoteref) refs/heads/origin/master refs/remotes/origin/master [7ms]
2024-11-08 19:30:48.532 [info] > git rev-parse --show-toplevel [44ms]
2024-11-08 19:30:48.532 [info] fatal: not a git repository (or any of the parent directories): .git
2024-11-08 19:30:48.567 [info] > git merge-base refs/heads/master refs/remotes/origin/master [38ms]
2024-11-08 19:30:48.581 [info] > git diff --name-status -z --diff-filter=ADMR 7ed475cb589c9e82211f71b3a5d7083b69cea93c...refs/remotes/origin/master [3ms]
2024-11-08 19:30:48.582 [info] > git rev-parse --show-toplevel [15ms]
2024-11-08 19:30:48.582 [info] fatal: not a git repository (or any of the parent directories): .git
2024-11-08 19:30:48.583 [info] > git for-each-ref --format=%(refname)%00%(upstream:short)%00%(objectname)%00%(upstream:track)%00%(upstream:remotename)%00%(upstream:remoteref) refs/heads/master refs/remotes/master [37ms]
2024-11-08 19:30:48.600 [info] > git rev-parse --show-toplevel [3ms]
2024-11-08 19:30:48.600 [info] fatal: not a git repository (or any of the parent directories): .git
2024-11-08 19:30:48.648 [info] > git rev-parse --show-toplevel [30ms]
2024-11-08 19:30:48.648 [info] fatal: not a git repository (or any of the parent directories): .git
2024-11-08 19:30:48.674 [info] > git status -z -uall [44ms]
2024-11-08 19:30:48.676 [info] > git for-each-ref --sort -committerdate --format %(refname) %(objectname) %(*objectname) [27ms]
2024-11-08 19:30:48.685 [info] > git rev-parse --show-toplevel [11ms]
2024-11-08 19:30:48.685 [info] fatal: not a git repository (or any of the parent directories): .git
2024-11-08 19:30:48.847 [info] > git rev-parse --show-toplevel [127ms]
2024-11-08 19:30:48.847 [info] fatal: not a git repository (or any of the parent directories): .git
2024-11-08 19:30:48.968 [info] > git rev-parse --show-toplevel [27ms]
2024-11-08 19:30:48.968 [info] fatal: not a git repository (or any of the parent directories): .git
2024-11-08 19:30:48.991 [info] > git rev-parse --show-toplevel [4ms]
2024-11-08 19:30:48.992 [info] fatal: not a git repository (or any of the parent directories): .git
2024-11-08 19:30:49.033 [info] > git rev-parse --show-toplevel [1ms]
2024-11-08 19:30:49.055 [info] > git rev-parse --git-dir --git-common-dir [7ms]
2024-11-08 19:30:49.072 [info] [Model][openRepository] Opened repository: /home/meyuzee/dotfiles
2024-11-08 19:30:49.087 [info] [Model][doInitialScan] Initial repository scan completed - repositories (2), closed repositories (0), parent repositories (0), unsafe repositories (0)
2024-11-08 19:30:49.114 [info] > git rev-parse --show-toplevel [3ms]
2024-11-08 19:30:49.114 [info] fatal: not a git repository (or any of the parent directories): .git
2024-11-08 19:30:49.117 [info] > git config --get commit.template [16ms]
2024-11-08 19:30:49.146 [info] > git rev-parse --show-toplevel [13ms]
2024-11-08 19:30:49.146 [info] fatal: not a git repository (or any of the parent directories): .git
2024-11-08 19:30:49.166 [info] > git rev-parse --show-toplevel [2ms]
2024-11-08 19:30:49.166 [info] fatal: not a git repository (or any of the parent directories): .git
2024-11-08 19:30:49.166 [info] > git for-each-ref --format=%(refname)%00%(upstream:short)%00%(objectname)%00%(upstream:track)%00%(upstream:remotename)%00%(upstream:remoteref) refs/heads/master refs/remotes/master [21ms]
2024-11-08 19:30:49.197 [warning] [Git][revParse] Unable to read file: ENOENT: no such file or directory, open '/home/meyuzee/dotfiles/.git/refs/remotes/origin/master'
2024-11-08 19:30:49.198 [info] > git rev-parse refs/remotes/origin/master [2ms]
2024-11-08 19:30:49.241 [info] > git rev-parse --show-toplevel [61ms]
2024-11-08 19:30:49.241 [info] fatal: not a git repository (or any of the parent directories): .git
2024-11-08 19:30:49.241 [info] > git for-each-ref --sort -committerdate --format %(refname) %(objectname) %(*objectname) [1ms]
2024-11-08 19:30:49.774 [info] > git status -z -uall [563ms]
2024-11-08 19:30:49.814 [info] > git for-each-ref --format=%(refname)%00%(upstream:short)%00%(objectname)%00%(upstream:track)%00%(upstream:remotename)%00%(upstream:remoteref) refs/heads/master refs/remotes/master [24ms]
2024-11-08 19:30:49.829 [info] > git config --local branch.master.vscode-merge-base [2ms]
2024-11-08 19:30:49.850 [info] > git config --get commit.template [48ms]
2024-11-08 19:30:49.851 [info] > git for-each-ref --format=%(refname)%00%(upstream:short)%00%(objectname)%00%(upstream:track)%00%(upstream:remotename)%00%(upstream:remoteref) refs/heads/origin/master refs/remotes/origin/master [2ms]
2024-11-08 19:30:49.892 [info] > git merge-base refs/heads/master refs/remotes/origin/master [19ms]
2024-11-08 19:30:49.911 [info] > git for-each-ref --format=%(refname)%00%(upstream:short)%00%(objectname)%00%(upstream:track)%00%(upstream:remotename)%00%(upstream:remoteref) refs/heads/master refs/remotes/master [20ms]
2024-11-08 19:30:49.924 [warning] [Git][revParse] Unable to read file: ENOENT: no such file or directory, open '/home/meyuzee/dotfiles/.git/refs/remotes/origin/master'
2024-11-08 19:30:49.925 [info] > git diff --name-status -z --diff-filter=ADMR 2e61c417819dcad537f8151d7311b85855e444d0...refs/remotes/origin/master [18ms]
2024-11-08 19:30:49.927 [info] > git rev-parse refs/remotes/origin/master [3ms]
2024-11-08 19:30:49.967 [info] > git for-each-ref --sort -committerdate --format %(refname) %(objectname) %(*objectname) [4ms]
2024-11-08 19:30:50.561 [info] > git status -z -uall [620ms]
2024-11-08 19:31:00.353 [info] > git check-ignore -v -z --stdin [11ms]
2024-11-08 19:31:00.354 [info] > git check-ignore -v -z --stdin [3ms]
2024-11-08 19:31:32.432 [info] > git rev-parse --show-toplevel [2ms]
2024-11-08 19:31:32.432 [info] fatal: not a git repository (or any of the parent directories): .git
