2024-11-08 20:01:51.813 [info] Added views:outline in workbench.view.explorer
2024-11-08 20:01:51.814 [info] Added views:workbench.view.search in workbench.view.search
2024-11-08 20:01:51.814 [info] Added views:workbench.scm in workbench.view.scm
2024-11-08 20:01:51.814 [info] Added views:workbench.panel.markers.view in workbench.panel.markers
2024-11-08 20:01:51.814 [info] Added views:workbench.panel.output in workbench.panel.output
2024-11-08 20:01:51.814 [info] Added views:terminal in terminal
2024-11-08 20:01:51.814 [info] Added views:timeline in workbench.view.explorer
2024-11-08 20:01:51.814 [info] Added views:workbench.explorer.emptyView in workbench.view.explorer
2024-11-08 20:01:52.334 [info] Added views:workbench.debug.welcome in workbench.view.debug
2024-11-08 20:01:53.677 [info] Added views:workbench.panel.repl.view in workbench.panel.repl
2024-11-08 20:01:54.241 [info] Added views:~remote.forwardedPorts in ~remote.forwardedPortsContainer
2024-11-08 20:12:26.950 [info] Added views:outline in workbench.view.explorer
2024-11-08 20:12:26.950 [info] Added views:workbench.view.search in workbench.view.search
2024-11-08 20:12:26.950 [info] Added views:workbench.scm in workbench.view.scm
2024-11-08 20:12:26.950 [info] Added views:workbench.panel.markers.view in workbench.panel.markers
2024-11-08 20:12:26.950 [info] Added views:workbench.panel.output in workbench.panel.output
2024-11-08 20:12:26.950 [info] Added views:terminal in terminal
2024-11-08 20:12:26.950 [info] Added views:timeline in workbench.view.explorer
2024-11-08 20:12:26.950 [info] Added views:workbench.explorer.fileView in workbench.view.explorer
2024-11-08 20:12:27.204 [info] Added views:workbench.debug.welcome in workbench.view.debug
2024-11-08 20:12:28.682 [info] Added views:workbench.panel.repl.view in workbench.panel.repl
2024-11-08 20:12:29.783 [info] Added views:~remote.forwardedPorts in ~remote.forwardedPortsContainer
2024-11-08 20:12:30.215 [info] Added views:workbench.scm.history in workbench.view.scm
2024-11-08 20:42:33.073 [info] Removed views:workbench.scm.history from workbench.view.scm
